E:\PERSO\DROPBOX\DROPBOX\DOSSIER PROJET RéSEAUX\SERVEUR\CPP\SERVEURGENERIQUE\DEBUG\SERVEURGENERIQUE.EXE
E:\PERSO\DROPBOX\DROPBOX\DOSSIER PROJET RéSEAUX\SERVEUR\CPP\SERVEURGENERIQUE\DEBUG\SERVEURGENERIQUE.ILK
E:\PERSO\DROPBOX\DROPBOX\DOSSIER PROJET RÉSEAUX\SERVEUR\CPP\SERVEURGENERIQUE\DEBUG\SERVEURGENERIQUE.PDB
E:\PERSO\DROPBOX\DROPBOX\DOSSIER PROJET RéSEAUX\SERVEUR\CPP\SERVEURGENERIQUE\SERVEURGENERIQUE\DEBUG\BONUSES.OBJ
E:\PERSO\DROPBOX\DROPBOX\DOSSIER PROJET RéSEAUX\SERVEUR\CPP\SERVEURGENERIQUE\SERVEURGENERIQUE\DEBUG\BRUTE.OBJ
E:\PERSO\DropBox\Dropbox\Dossier Projet Réseaux\Serveur\Cpp\serveurgenerique\serveurgenerique\Debug\cl.command.1.tlog
E:\PERSO\DropBox\Dropbox\Dossier Projet Réseaux\Serveur\Cpp\serveurgenerique\serveurgenerique\Debug\CL.read.1.tlog
E:\PERSO\DropBox\Dropbox\Dossier Projet Réseaux\Serveur\Cpp\serveurgenerique\serveurgenerique\Debug\CL.write.1.tlog
E:\PERSO\DROPBOX\DROPBOX\DOSSIER PROJET RéSEAUX\SERVEUR\CPP\SERVEURGENERIQUE\SERVEURGENERIQUE\DEBUG\CORESQL.OBJ
E:\PERSO\DropBox\Dropbox\Dossier Projet Réseaux\Serveur\Cpp\serveurgenerique\serveurgenerique\Debug\link.4712.read.1.tlog
E:\PERSO\DropBox\Dropbox\Dossier Projet Réseaux\Serveur\Cpp\serveurgenerique\serveurgenerique\Debug\link.4712.write.1.tlog
E:\PERSO\DropBox\Dropbox\Dossier Projet Réseaux\Serveur\Cpp\serveurgenerique\serveurgenerique\Debug\link.4712-cvtres.read.1.tlog
E:\PERSO\DropBox\Dropbox\Dossier Projet Réseaux\Serveur\Cpp\serveurgenerique\serveurgenerique\Debug\link.4712-cvtres.write.1.tlog
E:\PERSO\DropBox\Dropbox\Dossier Projet Réseaux\Serveur\Cpp\serveurgenerique\serveurgenerique\Debug\link.command.1.tlog
E:\PERSO\DropBox\Dropbox\Dossier Projet Réseaux\Serveur\Cpp\serveurgenerique\serveurgenerique\Debug\link.read.1.tlog
E:\PERSO\DropBox\Dropbox\Dossier Projet Réseaux\Serveur\Cpp\serveurgenerique\serveurgenerique\Debug\link.write.1.tlog
E:\PERSO\DropBox\Dropbox\Dossier Projet Réseaux\Serveur\Cpp\serveurgenerique\serveurgenerique\Debug\link-cvtres.read.1.tlog
E:\PERSO\DropBox\Dropbox\Dossier Projet Réseaux\Serveur\Cpp\serveurgenerique\serveurgenerique\Debug\link-cvtres.write.1.tlog
E:\PERSO\DropBox\Dropbox\Dossier Projet Réseaux\Serveur\Cpp\serveurgenerique\serveurgenerique\Debug\mt.command.1.tlog
E:\PERSO\DropBox\Dropbox\Dossier Projet Réseaux\Serveur\Cpp\serveurgenerique\serveurgenerique\Debug\mt.read.1.tlog
E:\PERSO\DropBox\Dropbox\Dossier Projet Réseaux\Serveur\Cpp\serveurgenerique\serveurgenerique\Debug\mt.write.1.tlog
E:\PERSO\DropBox\Dropbox\Dossier Projet Réseaux\Serveur\Cpp\serveurgenerique\serveurgenerique\Debug\rc.command.1.tlog
E:\PERSO\DropBox\Dropbox\Dossier Projet Réseaux\Serveur\Cpp\serveurgenerique\serveurgenerique\Debug\rc.read.1.tlog
E:\PERSO\DropBox\Dropbox\Dossier Projet Réseaux\Serveur\Cpp\serveurgenerique\serveurgenerique\Debug\rc.write.1.tlog
E:\PERSO\DROPBOX\DROPBOX\DOSSIER PROJET RéSEAUX\SERVEUR\CPP\SERVEURGENERIQUE\SERVEURGENERIQUE\DEBUG\READER.OBJ
E:\PERSO\DROPBOX\DROPBOX\DOSSIER PROJET RéSEAUX\SERVEUR\CPP\SERVEURGENERIQUE\SERVEURGENERIQUE\DEBUG\SERVEUR.OBJ
E:\PERSO\DROPBOX\DROPBOX\DOSSIER PROJET RéSEAUX\SERVEUR\CPP\SERVEURGENERIQUE\SERVEURGENERIQUE\DEBUG\SERVEURGENERIQUE.EXE.EMBED.MANIFEST
E:\PERSO\DROPBOX\DROPBOX\DOSSIER PROJET RéSEAUX\SERVEUR\CPP\SERVEURGENERIQUE\SERVEURGENERIQUE\DEBUG\SERVEURGENERIQUE.EXE.EMBED.MANIFEST.RES
E:\PERSO\DROPBOX\DROPBOX\DOSSIER PROJET RéSEAUX\SERVEUR\CPP\SERVEURGENERIQUE\SERVEURGENERIQUE\DEBUG\SERVEURGENERIQUE.EXE.INTERMEDIATE.MANIFEST
E:\PERSO\DROPBOX\DROPBOX\DOSSIER PROJET RéSEAUX\SERVEUR\CPP\SERVEURGENERIQUE\SERVEURGENERIQUE\DEBUG\SERVEURGENERIQUE.OBJ
E:\PERSO\DROPBOX\DROPBOX\DOSSIER PROJET RéSEAUX\SERVEUR\CPP\SERVEURGENERIQUE\SERVEURGENERIQUE\DEBUG\SERVEURGENERIQUE.PCH
E:\PERSO\DropBox\Dropbox\Dossier Projet Réseaux\Serveur\Cpp\serveurgenerique\serveurgenerique\Debug\serveurgenerique_manifest.rc
E:\PERSO\DROPBOX\DROPBOX\DOSSIER PROJET RéSEAUX\SERVEUR\CPP\SERVEURGENERIQUE\SERVEURGENERIQUE\DEBUG\STDAFX.OBJ
E:\PERSO\DropBox\Dropbox\Dossier Projet Réseaux\Serveur\Cpp\serveurgenerique\serveurgenerique\Debug\vc100.idb
E:\PERSO\DROPBOX\DROPBOX\DOSSIER PROJET RÉSEAUX\SERVEUR\CPP\SERVEURGENERIQUE\SERVEURGENERIQUE\DEBUG\VC100.PDB
E:\PERSO\DROPBOX\DROPBOX\DOSSIER PROJET RéSEAUX\SERVEUR\CPP\SERVEURGENERIQUE\SERVEURGENERIQUE\DEBUG\WRITER.OBJ
