La génération a démarré 23/01/2013 17:34:39.
     1>Projet "E:\PERSO\DropBox\Dropbox\cours2A\Infographie\TP\tp1\tp1\tp1.vcxproj" sur le nœud 2 (build cible(s)).
     1>InitializeBuildStatus:
         Création de "Debug\tp1.unsuccessfulbuild", car "AlwaysCreate" a été spécifié.
       ClCompile:
         c:\Program Files (x86)\Microsoft Visual Studio 10.0\VC\bin\CL.exe /c /Zi /nologo /W3 /WX- /Od /Oy- /D WIN32 /D _DEBUG /D _CONSOLE /D _UNICODE /D UNICODE /Gm /EHsc /RTC1 /MDd /GS /fp:precise /Zc:wchar_t /Zc:forScope /Fo"Debug\\" /Fd"Debug\vc100.pdb" /Gd /TP /analyze- /errorReport:prompt main2.cpp
         main2.cpp
       ManifestResourceCompile:
         Toutes les sorties sont à jour.
       Link:
         c:\Program Files (x86)\Microsoft Visual Studio 10.0\VC\bin\link.exe /ERRORREPORT:PROMPT /OUT:"E:\PERSO\DropBox\Dropbox\cours2A\Infographie\TP\tp1\Debug\tp1.exe" /INCREMENTAL /NOLOGO glut32.lib kernel32.lib user32.lib gdi32.lib winspool.lib comdlg32.lib advapi32.lib shell32.lib ole32.lib oleaut32.lib uuid.lib odbc32.lib odbccp32.lib /MANIFEST /ManifestFile:"Debug\tp1.exe.intermediate.manifest" /MANIFESTUAC:"level='asInvoker' uiAccess='false'" /DEBUG /PDB:"E:\PERSO\DropBox\Dropbox\cours2A\Infographie\TP\tp1\Debug\tp1.pdb" /SUBSYSTEM:CONSOLE /TLBID:1 /DYNAMICBASE /NXCOMPAT /IMPLIB:"E:\PERSO\DropBox\Dropbox\cours2A\Infographie\TP\tp1\Debug\tp1.lib" /MACHINE:X86 Debug\tp1.exe.embed.manifest.res
         Debug\main2.obj
       Manifest:
         C:\Program Files (x86)\Microsoft SDKs\Windows\v7.0A\bin\mt.exe /nologo /verbose /out:"Debug\tp1.exe.embed.manifest" /manifest Debug\tp1.exe.intermediate.manifest
         Toutes les sorties sont à jour.
       LinkEmbedManifest:
         Toutes les sorties sont à jour.
         tp1.vcxproj -> E:\PERSO\DropBox\Dropbox\cours2A\Infographie\TP\tp1\Debug\tp1.exe
       FinalizeBuildStatus:
         Suppression du fichier "Debug\tp1.unsuccessfulbuild".
         Mise à jour de l'horodatage "Debug\tp1.lastbuildstate".
     1>Génération du projet "E:\PERSO\DropBox\Dropbox\cours2A\Infographie\TP\tp1\tp1\tp1.vcxproj" terminée (build cible(s)).

La génération a réussi.

Temps écoulé 00:00:00.84
