La génération a démarré 31/01/2013 16:34:39.
     1>Projet "E:\PERSO\DropBox\Dropbox\Dossier Projet Réseaux\clientCpp\clientgenerique\clientgenerique\clientgenerique.vcxproj" sur le nœud 2 (build cible(s)).
     1>InitializeBuildStatus:
         Création de "Debug\clientgenerique.unsuccessfulbuild", car "AlwaysCreate" a été spécifié.
       ClCompile:
         Toutes les sorties sont à jour.
         c:\Program Files (x86)\Microsoft Visual Studio 10.0\VC\bin\CL.exe /c /Zi /nologo /W3 /WX- /Od /Oy- /D WIN32 /D _DEBUG /D _CONSOLE /D _UNICODE /D UNICODE /Gm /EHsc /RTC1 /MDd /GS /fp:precise /Zc:wchar_t /Zc:forScope /Yu"StdAfx.h" /Fp"Debug\clientgenerique.pch" /Fo"Debug\\" /Fd"Debug\vc100.pdb" /Gd /TP /analyze- /errorReport:prompt Reader.cpp
         Reader.cpp
     1>Reader.cpp(78): warning C4244: 'argument' : conversion de 'int64_t' en 'u_long', perte possible de données
       ManifestResourceCompile:
         Toutes les sorties sont à jour.
       Link:
         c:\Program Files (x86)\Microsoft Visual Studio 10.0\VC\bin\link.exe /ERRORREPORT:PROMPT /OUT:"E:\PERSO\DropBox\Dropbox\Dossier Projet Réseaux\clientCpp\clientgenerique\Debug\clientgenerique.exe" /INCREMENTAL /NOLOGO Ws2_32.lib kernel32.lib user32.lib gdi32.lib winspool.lib comdlg32.lib advapi32.lib shell32.lib ole32.lib oleaut32.lib uuid.lib odbc32.lib odbccp32.lib /MANIFEST /ManifestFile:"Debug\clientgenerique.exe.intermediate.manifest" /MANIFESTUAC:"level='asInvoker' uiAccess='false'" /DEBUG /PDB:"E:\PERSO\DropBox\Dropbox\Dossier Projet Réseaux\clientCpp\clientgenerique\Debug\clientgenerique.pdb" /SUBSYSTEM:CONSOLE /TLBID:1 /DYNAMICBASE /NXCOMPAT /IMPLIB:"E:\PERSO\DropBox\Dropbox\Dossier Projet Réseaux\clientCpp\clientgenerique\Debug\clientgenerique.lib" /MACHINE:X86 Debug\clientgenerique.exe.embed.manifest.res
         Debug\Client.obj
         Debug\clientgenerique.obj
         Debug\Reader.obj
         Debug\stdafx.obj
         Debug\Writer.obj
       Manifest:
         C:\Program Files (x86)\Microsoft SDKs\Windows\v7.0A\bin\mt.exe /nologo /verbose /out:"Debug\clientgenerique.exe.embed.manifest" /manifest Debug\clientgenerique.exe.intermediate.manifest
         Toutes les sorties sont à jour.
       LinkEmbedManifest:
         Toutes les sorties sont à jour.
         clientgenerique.vcxproj -> E:\PERSO\DropBox\Dropbox\Dossier Projet Réseaux\clientCpp\clientgenerique\Debug\clientgenerique.exe
       FinalizeBuildStatus:
         Suppression du fichier "Debug\clientgenerique.unsuccessfulbuild".
         Mise à jour de l'horodatage "Debug\clientgenerique.lastbuildstate".
     1>Génération du projet "E:\PERSO\DropBox\Dropbox\Dossier Projet Réseaux\clientCpp\clientgenerique\clientgenerique\clientgenerique.vcxproj" terminée (build cible(s)).

La génération a réussi.

Temps écoulé 00:00:00.46
