E:\PERSO\DropBox\Dropbox\Dossier Projet Réseaux\clientCpp\clientgenerique\clientgenerique\Debug\cl.command.1.tlog
E:\PERSO\DropBox\Dropbox\Dossier Projet Réseaux\clientCpp\clientgenerique\clientgenerique\Debug\CL.read.1.tlog
E:\PERSO\DropBox\Dropbox\Dossier Projet Réseaux\clientCpp\clientgenerique\clientgenerique\Debug\CL.write.1.tlog
E:\PERSO\DROPBOX\DROPBOX\DOSSIER PROJET RéSEAUX\CLIENTCPP\CLIENTGENERIQUE\CLIENTGENERIQUE\DEBUG\CLIENT.OBJ
E:\PERSO\DROPBOX\DROPBOX\DOSSIER PROJET RéSEAUX\CLIENTCPP\CLIENTGENERIQUE\CLIENTGENERIQUE\DEBUG\CLIENTGENERIQUE.EXE.EMBED.MANIFEST
E:\PERSO\DROPBOX\DROPBOX\DOSSIER PROJET RéSEAUX\CLIENTCPP\CLIENTGENERIQUE\CLIENTGENERIQUE\DEBUG\CLIENTGENERIQUE.EXE.EMBED.MANIFEST.RES
E:\PERSO\DROPBOX\DROPBOX\DOSSIER PROJET RéSEAUX\CLIENTCPP\CLIENTGENERIQUE\CLIENTGENERIQUE\DEBUG\CLIENTGENERIQUE.EXE.INTERMEDIATE.MANIFEST
E:\PERSO\DROPBOX\DROPBOX\DOSSIER PROJET RéSEAUX\CLIENTCPP\CLIENTGENERIQUE\CLIENTGENERIQUE\DEBUG\CLIENTGENERIQUE.GUI.RESOURCES
E:\PERSO\DROPBOX\DROPBOX\DOSSIER PROJET RéSEAUX\CLIENTCPP\CLIENTGENERIQUE\CLIENTGENERIQUE\DEBUG\CLIENTGENERIQUE.OBJ
E:\PERSO\DROPBOX\DROPBOX\DOSSIER PROJET RéSEAUX\CLIENTCPP\CLIENTGENERIQUE\CLIENTGENERIQUE\DEBUG\CLIENTGENERIQUE.PCH
E:\PERSO\DropBox\Dropbox\Dossier Projet Réseaux\clientCpp\clientgenerique\clientgenerique\Debug\clientgenerique.write.1.tlog
E:\PERSO\DropBox\Dropbox\Dossier Projet Réseaux\clientCpp\clientgenerique\clientgenerique\Debug\clientgenerique_manifest.rc
E:\PERSO\DropBox\Dropbox\Dossier Projet Réseaux\clientCpp\clientgenerique\clientgenerique\Debug\GenerateResource.read.1.tlog
E:\PERSO\DropBox\Dropbox\Dossier Projet Réseaux\clientCpp\clientgenerique\clientgenerique\Debug\GenerateResource.write.1.tlog
E:\PERSO\DROPBOX\DROPBOX\DOSSIER PROJET RéSEAUX\CLIENTCPP\CLIENTGENERIQUE\CLIENTGENERIQUE\DEBUG\GUI.OBJ
E:\PERSO\DropBox\Dropbox\Dossier Projet Réseaux\clientCpp\clientgenerique\clientgenerique\Debug\link.1316.read.1.tlog
E:\PERSO\DropBox\Dropbox\Dossier Projet Réseaux\clientCpp\clientgenerique\clientgenerique\Debug\link.1316.write.1.tlog
E:\PERSO\DropBox\Dropbox\Dossier Projet Réseaux\clientCpp\clientgenerique\clientgenerique\Debug\link.1316-cvtres.read.1.tlog
E:\PERSO\DropBox\Dropbox\Dossier Projet Réseaux\clientCpp\clientgenerique\clientgenerique\Debug\link.1316-cvtres.write.1.tlog
E:\PERSO\DropBox\Dropbox\Dossier Projet Réseaux\clientCpp\clientgenerique\clientgenerique\Debug\link.3140.read.1.tlog
E:\PERSO\DropBox\Dropbox\Dossier Projet Réseaux\clientCpp\clientgenerique\clientgenerique\Debug\link.3140.write.1.tlog
E:\PERSO\DropBox\Dropbox\Dossier Projet Réseaux\clientCpp\clientgenerique\clientgenerique\Debug\link.3140-cvtres.read.1.tlog
E:\PERSO\DropBox\Dropbox\Dossier Projet Réseaux\clientCpp\clientgenerique\clientgenerique\Debug\link.3140-cvtres.write.1.tlog
E:\PERSO\DropBox\Dropbox\Dossier Projet Réseaux\clientCpp\clientgenerique\clientgenerique\Debug\link.6060.read.1.tlog
E:\PERSO\DropBox\Dropbox\Dossier Projet Réseaux\clientCpp\clientgenerique\clientgenerique\Debug\link.6060.write.1.tlog
E:\PERSO\DropBox\Dropbox\Dossier Projet Réseaux\clientCpp\clientgenerique\clientgenerique\Debug\link.6060-cvtres.read.1.tlog
E:\PERSO\DropBox\Dropbox\Dossier Projet Réseaux\clientCpp\clientgenerique\clientgenerique\Debug\link.6060-cvtres.write.1.tlog
E:\PERSO\DropBox\Dropbox\Dossier Projet Réseaux\clientCpp\clientgenerique\clientgenerique\Debug\link.6500.read.1.tlog
E:\PERSO\DropBox\Dropbox\Dossier Projet Réseaux\clientCpp\clientgenerique\clientgenerique\Debug\link.6500.write.1.tlog
E:\PERSO\DropBox\Dropbox\Dossier Projet Réseaux\clientCpp\clientgenerique\clientgenerique\Debug\link.6500-cvtres.read.1.tlog
E:\PERSO\DropBox\Dropbox\Dossier Projet Réseaux\clientCpp\clientgenerique\clientgenerique\Debug\link.6500-cvtres.write.1.tlog
E:\PERSO\DropBox\Dropbox\Dossier Projet Réseaux\clientCpp\clientgenerique\clientgenerique\Debug\link.6700.read.1.tlog
E:\PERSO\DropBox\Dropbox\Dossier Projet Réseaux\clientCpp\clientgenerique\clientgenerique\Debug\link.6700.write.1.tlog
E:\PERSO\DropBox\Dropbox\Dossier Projet Réseaux\clientCpp\clientgenerique\clientgenerique\Debug\link.6700-cvtres.read.1.tlog
E:\PERSO\DropBox\Dropbox\Dossier Projet Réseaux\clientCpp\clientgenerique\clientgenerique\Debug\link.6700-cvtres.write.1.tlog
E:\PERSO\DropBox\Dropbox\Dossier Projet Réseaux\clientCpp\clientgenerique\clientgenerique\Debug\link.8596.2220.read.1.tlog
E:\PERSO\DropBox\Dropbox\Dossier Projet Réseaux\clientCpp\clientgenerique\clientgenerique\Debug\link.8596.2220.write.1.tlog
E:\PERSO\DropBox\Dropbox\Dossier Projet Réseaux\clientCpp\clientgenerique\clientgenerique\Debug\link.8596.2220-cvtres.read.1.tlog
E:\PERSO\DropBox\Dropbox\Dossier Projet Réseaux\clientCpp\clientgenerique\clientgenerique\Debug\link.8596.2220-cvtres.write.1.tlog
E:\PERSO\DropBox\Dropbox\Dossier Projet Réseaux\clientCpp\clientgenerique\clientgenerique\Debug\link.8596.read.1.tlog
E:\PERSO\DropBox\Dropbox\Dossier Projet Réseaux\clientCpp\clientgenerique\clientgenerique\Debug\link.8596.write.1.tlog
E:\PERSO\DropBox\Dropbox\Dossier Projet Réseaux\clientCpp\clientgenerique\clientgenerique\Debug\link.8864.read.1.tlog
E:\PERSO\DropBox\Dropbox\Dossier Projet Réseaux\clientCpp\clientgenerique\clientgenerique\Debug\link.8864.write.1.tlog
E:\PERSO\DropBox\Dropbox\Dossier Projet Réseaux\clientCpp\clientgenerique\clientgenerique\Debug\link.8864-cvtres.read.1.tlog
E:\PERSO\DropBox\Dropbox\Dossier Projet Réseaux\clientCpp\clientgenerique\clientgenerique\Debug\link.8864-cvtres.write.1.tlog
E:\PERSO\DropBox\Dropbox\Dossier Projet Réseaux\clientCpp\clientgenerique\clientgenerique\Debug\link.command.1.tlog
E:\PERSO\DropBox\Dropbox\Dossier Projet Réseaux\clientCpp\clientgenerique\clientgenerique\Debug\link.read.1.tlog
E:\PERSO\DropBox\Dropbox\Dossier Projet Réseaux\clientCpp\clientgenerique\clientgenerique\Debug\link.write.1.tlog
E:\PERSO\DropBox\Dropbox\Dossier Projet Réseaux\clientCpp\clientgenerique\clientgenerique\Debug\link-cvtres.read.1.tlog
E:\PERSO\DropBox\Dropbox\Dossier Projet Réseaux\clientCpp\clientgenerique\clientgenerique\Debug\link-cvtres.write.1.tlog
E:\PERSO\DropBox\Dropbox\Dossier Projet Réseaux\clientCpp\clientgenerique\clientgenerique\Debug\mt.command.1.tlog
E:\PERSO\DropBox\Dropbox\Dossier Projet Réseaux\clientCpp\clientgenerique\clientgenerique\Debug\mt.read.1.tlog
E:\PERSO\DropBox\Dropbox\Dossier Projet Réseaux\clientCpp\clientgenerique\clientgenerique\Debug\mt.write.1.tlog
E:\PERSO\DropBox\Dropbox\Dossier Projet Réseaux\clientCpp\clientgenerique\clientgenerique\Debug\rc.command.1.tlog
E:\PERSO\DropBox\Dropbox\Dossier Projet Réseaux\clientCpp\clientgenerique\clientgenerique\Debug\rc.read.1.tlog
E:\PERSO\DropBox\Dropbox\Dossier Projet Réseaux\clientCpp\clientgenerique\clientgenerique\Debug\rc.write.1.tlog
E:\PERSO\DROPBOX\DROPBOX\DOSSIER PROJET RéSEAUX\CLIENTCPP\CLIENTGENERIQUE\CLIENTGENERIQUE\DEBUG\READER.OBJ
E:\PERSO\DROPBOX\DROPBOX\DOSSIER PROJET RéSEAUX\CLIENTCPP\CLIENTGENERIQUE\CLIENTGENERIQUE\DEBUG\STDAFX.OBJ
E:\PERSO\DropBox\Dropbox\Dossier Projet Réseaux\clientCpp\clientgenerique\clientgenerique\Debug\vc100.idb
E:\PERSO\DROPBOX\DROPBOX\DOSSIER PROJET RÉSEAUX\CLIENTCPP\CLIENTGENERIQUE\CLIENTGENERIQUE\DEBUG\VC100.PDB
E:\PERSO\DROPBOX\DROPBOX\DOSSIER PROJET RéSEAUX\CLIENTCPP\CLIENTGENERIQUE\CLIENTGENERIQUE\DEBUG\WRITER.OBJ
E:\PERSO\DROPBOX\DROPBOX\DOSSIER PROJET RéSEAUX\CLIENTCPP\CLIENTGENERIQUE\DEBUG\CLIENTGENERIQUE.EXE
E:\PERSO\DROPBOX\DROPBOX\DOSSIER PROJET RéSEAUX\CLIENTCPP\CLIENTGENERIQUE\DEBUG\CLIENTGENERIQUE.ILK
E:\PERSO\DROPBOX\DROPBOX\DOSSIER PROJET RÉSEAUX\CLIENTCPP\CLIENTGENERIQUE\DEBUG\CLIENTGENERIQUE.PDB
