E:\PERSO\DROPBOX\DROPBOX\DOSSIER PROJET RéSEAUX\CLIENTCPP\CLIENTIHM\CLIENTIHM\DEBUG\.NETFRAMEWORK,VERSION=V4.0.ASSEMBLYATTRIBUTES.OBJ
E:\PERSO\DROPBOX\DROPBOX\DOSSIER PROJET RéSEAUX\CLIENTCPP\CLIENTIHM\CLIENTIHM\DEBUG\APP.RES
E:\PERSO\DROPBOX\DROPBOX\DOSSIER PROJET RéSEAUX\CLIENTCPP\CLIENTIHM\CLIENTIHM\DEBUG\ASSEMBLYINFO.OBJ
E:\PERSO\DROPBOX\DROPBOX\DOSSIER PROJET RéSEAUX\CLIENTCPP\CLIENTIHM\CLIENTIHM\DEBUG\BONUSES.OBJ
E:\PERSO\DROPBOX\DROPBOX\DOSSIER PROJET RéSEAUX\CLIENTCPP\CLIENTIHM\CLIENTIHM\DEBUG\BRUTE.OBJ
E:\PERSO\DropBox\Dropbox\Dossier Projet Réseaux\clientCpp\clientIHM\clientIHM\Debug\cl.command.1.tlog
E:\PERSO\DropBox\Dropbox\Dossier Projet Réseaux\clientCpp\clientIHM\clientIHM\Debug\CL.read.1.tlog
E:\PERSO\DropBox\Dropbox\Dossier Projet Réseaux\clientCpp\clientIHM\clientIHM\Debug\CL.write.1.tlog
E:\PERSO\DROPBOX\DROPBOX\DOSSIER PROJET RéSEAUX\CLIENTCPP\CLIENTIHM\CLIENTIHM\DEBUG\CLIBRU.OBJ
E:\PERSO\DROPBOX\DROPBOX\DOSSIER PROJET RéSEAUX\CLIENTCPP\CLIENTIHM\CLIENTIHM\DEBUG\CLIENT.OBJ
E:\PERSO\DROPBOX\DROPBOX\DOSSIER PROJET RéSEAUX\CLIENTCPP\CLIENTIHM\CLIENTIHM\DEBUG\CLIENTIHM.CLIBRU.RESOURCES
E:\PERSO\DROPBOX\DROPBOX\DOSSIER PROJET RéSEAUX\CLIENTCPP\CLIENTIHM\CLIENTIHM\DEBUG\CLIENTIHM.CONNEXIONIHM.RESOURCES
E:\PERSO\DROPBOX\DROPBOX\DOSSIER PROJET RéSEAUX\CLIENTCPP\CLIENTIHM\CLIENTIHM\DEBUG\CLIENTIHM.EXE.INTERMEDIATE.MANIFEST
E:\PERSO\DROPBOX\DROPBOX\DOSSIER PROJET RéSEAUX\CLIENTCPP\CLIENTIHM\CLIENTIHM\DEBUG\CLIENTIHM.OBJ
E:\PERSO\DROPBOX\DROPBOX\DOSSIER PROJET RéSEAUX\CLIENTCPP\CLIENTIHM\CLIENTIHM\DEBUG\CLIENTIHM.PCH
E:\PERSO\DropBox\Dropbox\Dossier Projet Réseaux\clientCpp\clientIHM\clientIHM\Debug\clientIHM.write.1.tlog
E:\PERSO\DROPBOX\DROPBOX\DOSSIER PROJET RéSEAUX\CLIENTCPP\CLIENTIHM\CLIENTIHM\DEBUG\CONNEXIONIHM.OBJ
E:\PERSO\DropBox\Dropbox\Dossier Projet Réseaux\clientCpp\clientIHM\clientIHM\Debug\GenerateResource.read.1.tlog
E:\PERSO\DropBox\Dropbox\Dossier Projet Réseaux\clientCpp\clientIHM\clientIHM\Debug\GenerateResource.read.1210.tlog
E:\PERSO\DropBox\Dropbox\Dossier Projet Réseaux\clientCpp\clientIHM\clientIHM\Debug\GenerateResource.read.1358.tlog
E:\PERSO\DropBox\Dropbox\Dossier Projet Réseaux\clientCpp\clientIHM\clientIHM\Debug\GenerateResource.read.33.tlog
E:\PERSO\DropBox\Dropbox\Dossier Projet Réseaux\clientCpp\clientIHM\clientIHM\Debug\GenerateResource.read.420.tlog
E:\PERSO\DropBox\Dropbox\Dossier Projet Réseaux\clientCpp\clientIHM\clientIHM\Debug\GenerateResource.read.79.tlog
E:\PERSO\DropBox\Dropbox\Dossier Projet Réseaux\clientCpp\clientIHM\clientIHM\Debug\GenerateResource.write.1.tlog
E:\PERSO\DropBox\Dropbox\Dossier Projet Réseaux\clientCpp\clientIHM\clientIHM\Debug\GenerateResource.write.1210.tlog
E:\PERSO\DropBox\Dropbox\Dossier Projet Réseaux\clientCpp\clientIHM\clientIHM\Debug\GenerateResource.write.1358.tlog
E:\PERSO\DropBox\Dropbox\Dossier Projet Réseaux\clientCpp\clientIHM\clientIHM\Debug\GenerateResource.write.33.tlog
E:\PERSO\DropBox\Dropbox\Dossier Projet Réseaux\clientCpp\clientIHM\clientIHM\Debug\GenerateResource.write.420.tlog
E:\PERSO\DropBox\Dropbox\Dossier Projet Réseaux\clientCpp\clientIHM\clientIHM\Debug\GenerateResource.write.79.tlog
E:\PERSO\DropBox\Dropbox\Dossier Projet Réseaux\clientCpp\clientIHM\clientIHM\Debug\link.10360.read.1.tlog
E:\PERSO\DropBox\Dropbox\Dossier Projet Réseaux\clientCpp\clientIHM\clientIHM\Debug\link.10360.write.1.tlog
E:\PERSO\DropBox\Dropbox\Dossier Projet Réseaux\clientCpp\clientIHM\clientIHM\Debug\link.10360-cvtres.read.1.tlog
E:\PERSO\DropBox\Dropbox\Dossier Projet Réseaux\clientCpp\clientIHM\clientIHM\Debug\link.10360-cvtres.write.1.tlog
E:\PERSO\DropBox\Dropbox\Dossier Projet Réseaux\clientCpp\clientIHM\clientIHM\Debug\link.10372.read.1.tlog
E:\PERSO\DropBox\Dropbox\Dossier Projet Réseaux\clientCpp\clientIHM\clientIHM\Debug\link.10372.write.1.tlog
E:\PERSO\DropBox\Dropbox\Dossier Projet Réseaux\clientCpp\clientIHM\clientIHM\Debug\link.10372-cvtres.read.1.tlog
E:\PERSO\DropBox\Dropbox\Dossier Projet Réseaux\clientCpp\clientIHM\clientIHM\Debug\link.10372-cvtres.write.1.tlog
E:\PERSO\DropBox\Dropbox\Dossier Projet Réseaux\clientCpp\clientIHM\clientIHM\Debug\link.10660.read.1.tlog
E:\PERSO\DropBox\Dropbox\Dossier Projet Réseaux\clientCpp\clientIHM\clientIHM\Debug\link.10660.write.1.tlog
E:\PERSO\DropBox\Dropbox\Dossier Projet Réseaux\clientCpp\clientIHM\clientIHM\Debug\link.10660-cvtres.read.1.tlog
E:\PERSO\DropBox\Dropbox\Dossier Projet Réseaux\clientCpp\clientIHM\clientIHM\Debug\link.10660-cvtres.write.1.tlog
E:\PERSO\DropBox\Dropbox\Dossier Projet Réseaux\clientCpp\clientIHM\clientIHM\Debug\link.10688.read.1.tlog
E:\PERSO\DropBox\Dropbox\Dossier Projet Réseaux\clientCpp\clientIHM\clientIHM\Debug\link.10688.write.1.tlog
E:\PERSO\DropBox\Dropbox\Dossier Projet Réseaux\clientCpp\clientIHM\clientIHM\Debug\link.10688-cvtres.read.1.tlog
E:\PERSO\DropBox\Dropbox\Dossier Projet Réseaux\clientCpp\clientIHM\clientIHM\Debug\link.10688-cvtres.write.1.tlog
E:\PERSO\DropBox\Dropbox\Dossier Projet Réseaux\clientCpp\clientIHM\clientIHM\Debug\link.10812.read.1.tlog
E:\PERSO\DropBox\Dropbox\Dossier Projet Réseaux\clientCpp\clientIHM\clientIHM\Debug\link.10812.write.1.tlog
E:\PERSO\DropBox\Dropbox\Dossier Projet Réseaux\clientCpp\clientIHM\clientIHM\Debug\link.10812-cvtres.read.1.tlog
E:\PERSO\DropBox\Dropbox\Dossier Projet Réseaux\clientCpp\clientIHM\clientIHM\Debug\link.10812-cvtres.write.1.tlog
E:\PERSO\DropBox\Dropbox\Dossier Projet Réseaux\clientCpp\clientIHM\clientIHM\Debug\link.10832.read.1.tlog
E:\PERSO\DropBox\Dropbox\Dossier Projet Réseaux\clientCpp\clientIHM\clientIHM\Debug\link.10832.write.1.tlog
E:\PERSO\DropBox\Dropbox\Dossier Projet Réseaux\clientCpp\clientIHM\clientIHM\Debug\link.10832-cvtres.read.1.tlog
E:\PERSO\DropBox\Dropbox\Dossier Projet Réseaux\clientCpp\clientIHM\clientIHM\Debug\link.10832-cvtres.write.1.tlog
E:\PERSO\DropBox\Dropbox\Dossier Projet Réseaux\clientCpp\clientIHM\clientIHM\Debug\link.10844.read.1.tlog
E:\PERSO\DropBox\Dropbox\Dossier Projet Réseaux\clientCpp\clientIHM\clientIHM\Debug\link.10844.write.1.tlog
E:\PERSO\DropBox\Dropbox\Dossier Projet Réseaux\clientCpp\clientIHM\clientIHM\Debug\link.10844-cvtres.read.1.tlog
E:\PERSO\DropBox\Dropbox\Dossier Projet Réseaux\clientCpp\clientIHM\clientIHM\Debug\link.10844-cvtres.write.1.tlog
E:\PERSO\DropBox\Dropbox\Dossier Projet Réseaux\clientCpp\clientIHM\clientIHM\Debug\link.10892.read.1.tlog
E:\PERSO\DropBox\Dropbox\Dossier Projet Réseaux\clientCpp\clientIHM\clientIHM\Debug\link.10892.write.1.tlog
E:\PERSO\DropBox\Dropbox\Dossier Projet Réseaux\clientCpp\clientIHM\clientIHM\Debug\link.10892-cvtres.read.1.tlog
E:\PERSO\DropBox\Dropbox\Dossier Projet Réseaux\clientCpp\clientIHM\clientIHM\Debug\link.10892-cvtres.write.1.tlog
E:\PERSO\DropBox\Dropbox\Dossier Projet Réseaux\clientCpp\clientIHM\clientIHM\Debug\link.10968.read.1.tlog
E:\PERSO\DropBox\Dropbox\Dossier Projet Réseaux\clientCpp\clientIHM\clientIHM\Debug\link.10968.write.1.tlog
E:\PERSO\DropBox\Dropbox\Dossier Projet Réseaux\clientCpp\clientIHM\clientIHM\Debug\link.10968-cvtres.read.1.tlog
E:\PERSO\DropBox\Dropbox\Dossier Projet Réseaux\clientCpp\clientIHM\clientIHM\Debug\link.10968-cvtres.write.1.tlog
E:\PERSO\DropBox\Dropbox\Dossier Projet Réseaux\clientCpp\clientIHM\clientIHM\Debug\link.11092.read.1.tlog
E:\PERSO\DropBox\Dropbox\Dossier Projet Réseaux\clientCpp\clientIHM\clientIHM\Debug\link.11092.write.1.tlog
E:\PERSO\DropBox\Dropbox\Dossier Projet Réseaux\clientCpp\clientIHM\clientIHM\Debug\link.11092-cvtres.read.1.tlog
E:\PERSO\DropBox\Dropbox\Dossier Projet Réseaux\clientCpp\clientIHM\clientIHM\Debug\link.11092-cvtres.write.1.tlog
E:\PERSO\DropBox\Dropbox\Dossier Projet Réseaux\clientCpp\clientIHM\clientIHM\Debug\link.11212.read.1.tlog
E:\PERSO\DropBox\Dropbox\Dossier Projet Réseaux\clientCpp\clientIHM\clientIHM\Debug\link.11212.write.1.tlog
E:\PERSO\DropBox\Dropbox\Dossier Projet Réseaux\clientCpp\clientIHM\clientIHM\Debug\link.11212-cvtres.read.1.tlog
E:\PERSO\DropBox\Dropbox\Dossier Projet Réseaux\clientCpp\clientIHM\clientIHM\Debug\link.11212-cvtres.write.1.tlog
E:\PERSO\DropBox\Dropbox\Dossier Projet Réseaux\clientCpp\clientIHM\clientIHM\Debug\link.1408.read.1.tlog
E:\PERSO\DropBox\Dropbox\Dossier Projet Réseaux\clientCpp\clientIHM\clientIHM\Debug\link.1408.write.1.tlog
E:\PERSO\DropBox\Dropbox\Dossier Projet Réseaux\clientCpp\clientIHM\clientIHM\Debug\link.1408-cvtres.read.1.tlog
E:\PERSO\DropBox\Dropbox\Dossier Projet Réseaux\clientCpp\clientIHM\clientIHM\Debug\link.1408-cvtres.write.1.tlog
E:\PERSO\DropBox\Dropbox\Dossier Projet Réseaux\clientCpp\clientIHM\clientIHM\Debug\link.1676.read.1.tlog
E:\PERSO\DropBox\Dropbox\Dossier Projet Réseaux\clientCpp\clientIHM\clientIHM\Debug\link.1676.write.1.tlog
E:\PERSO\DropBox\Dropbox\Dossier Projet Réseaux\clientCpp\clientIHM\clientIHM\Debug\link.1676-cvtres.read.1.tlog
E:\PERSO\DropBox\Dropbox\Dossier Projet Réseaux\clientCpp\clientIHM\clientIHM\Debug\link.1676-cvtres.write.1.tlog
E:\PERSO\DropBox\Dropbox\Dossier Projet Réseaux\clientCpp\clientIHM\clientIHM\Debug\link.1896.read.1.tlog
E:\PERSO\DropBox\Dropbox\Dossier Projet Réseaux\clientCpp\clientIHM\clientIHM\Debug\link.1896.write.1.tlog
E:\PERSO\DropBox\Dropbox\Dossier Projet Réseaux\clientCpp\clientIHM\clientIHM\Debug\link.1896-cvtres.read.1.tlog
E:\PERSO\DropBox\Dropbox\Dossier Projet Réseaux\clientCpp\clientIHM\clientIHM\Debug\link.1896-cvtres.write.1.tlog
E:\PERSO\DropBox\Dropbox\Dossier Projet Réseaux\clientCpp\clientIHM\clientIHM\Debug\link.2224.read.1.tlog
E:\PERSO\DropBox\Dropbox\Dossier Projet Réseaux\clientCpp\clientIHM\clientIHM\Debug\link.2224.write.1.tlog
E:\PERSO\DropBox\Dropbox\Dossier Projet Réseaux\clientCpp\clientIHM\clientIHM\Debug\link.2224-cvtres.read.1.tlog
E:\PERSO\DropBox\Dropbox\Dossier Projet Réseaux\clientCpp\clientIHM\clientIHM\Debug\link.2224-cvtres.write.1.tlog
E:\PERSO\DropBox\Dropbox\Dossier Projet Réseaux\clientCpp\clientIHM\clientIHM\Debug\link.2764.read.1.tlog
E:\PERSO\DropBox\Dropbox\Dossier Projet Réseaux\clientCpp\clientIHM\clientIHM\Debug\link.2764.write.1.tlog
E:\PERSO\DropBox\Dropbox\Dossier Projet Réseaux\clientCpp\clientIHM\clientIHM\Debug\link.2764-cvtres.read.1.tlog
E:\PERSO\DropBox\Dropbox\Dossier Projet Réseaux\clientCpp\clientIHM\clientIHM\Debug\link.2764-cvtres.write.1.tlog
E:\PERSO\DropBox\Dropbox\Dossier Projet Réseaux\clientCpp\clientIHM\clientIHM\Debug\link.3076.read.1.tlog
E:\PERSO\DropBox\Dropbox\Dossier Projet Réseaux\clientCpp\clientIHM\clientIHM\Debug\link.3076.write.1.tlog
E:\PERSO\DropBox\Dropbox\Dossier Projet Réseaux\clientCpp\clientIHM\clientIHM\Debug\link.3076-cvtres.read.1.tlog
E:\PERSO\DropBox\Dropbox\Dossier Projet Réseaux\clientCpp\clientIHM\clientIHM\Debug\link.3076-cvtres.write.1.tlog
E:\PERSO\DropBox\Dropbox\Dossier Projet Réseaux\clientCpp\clientIHM\clientIHM\Debug\link.364.read.1.tlog
E:\PERSO\DropBox\Dropbox\Dossier Projet Réseaux\clientCpp\clientIHM\clientIHM\Debug\link.364.write.1.tlog
E:\PERSO\DropBox\Dropbox\Dossier Projet Réseaux\clientCpp\clientIHM\clientIHM\Debug\link.364-cvtres.read.1.tlog
E:\PERSO\DropBox\Dropbox\Dossier Projet Réseaux\clientCpp\clientIHM\clientIHM\Debug\link.364-cvtres.write.1.tlog
E:\PERSO\DropBox\Dropbox\Dossier Projet Réseaux\clientCpp\clientIHM\clientIHM\Debug\link.3864.read.1.tlog
E:\PERSO\DropBox\Dropbox\Dossier Projet Réseaux\clientCpp\clientIHM\clientIHM\Debug\link.3864.write.1.tlog
E:\PERSO\DropBox\Dropbox\Dossier Projet Réseaux\clientCpp\clientIHM\clientIHM\Debug\link.3864-cvtres.read.1.tlog
E:\PERSO\DropBox\Dropbox\Dossier Projet Réseaux\clientCpp\clientIHM\clientIHM\Debug\link.3864-cvtres.write.1.tlog
E:\PERSO\DropBox\Dropbox\Dossier Projet Réseaux\clientCpp\clientIHM\clientIHM\Debug\link.3948.read.1.tlog
E:\PERSO\DropBox\Dropbox\Dossier Projet Réseaux\clientCpp\clientIHM\clientIHM\Debug\link.3948.write.1.tlog
E:\PERSO\DropBox\Dropbox\Dossier Projet Réseaux\clientCpp\clientIHM\clientIHM\Debug\link.3948-cvtres.read.1.tlog
E:\PERSO\DropBox\Dropbox\Dossier Projet Réseaux\clientCpp\clientIHM\clientIHM\Debug\link.3948-cvtres.write.1.tlog
E:\PERSO\DropBox\Dropbox\Dossier Projet Réseaux\clientCpp\clientIHM\clientIHM\Debug\link.3996.read.1.tlog
E:\PERSO\DropBox\Dropbox\Dossier Projet Réseaux\clientCpp\clientIHM\clientIHM\Debug\link.3996.write.1.tlog
E:\PERSO\DropBox\Dropbox\Dossier Projet Réseaux\clientCpp\clientIHM\clientIHM\Debug\link.3996-cvtres.read.1.tlog
E:\PERSO\DropBox\Dropbox\Dossier Projet Réseaux\clientCpp\clientIHM\clientIHM\Debug\link.3996-cvtres.write.1.tlog
E:\PERSO\DropBox\Dropbox\Dossier Projet Réseaux\clientCpp\clientIHM\clientIHM\Debug\link.4244.read.1.tlog
E:\PERSO\DropBox\Dropbox\Dossier Projet Réseaux\clientCpp\clientIHM\clientIHM\Debug\link.4244.write.1.tlog
E:\PERSO\DropBox\Dropbox\Dossier Projet Réseaux\clientCpp\clientIHM\clientIHM\Debug\link.4244-cvtres.read.1.tlog
E:\PERSO\DropBox\Dropbox\Dossier Projet Réseaux\clientCpp\clientIHM\clientIHM\Debug\link.4244-cvtres.write.1.tlog
E:\PERSO\DropBox\Dropbox\Dossier Projet Réseaux\clientCpp\clientIHM\clientIHM\Debug\link.4360.read.1.tlog
E:\PERSO\DropBox\Dropbox\Dossier Projet Réseaux\clientCpp\clientIHM\clientIHM\Debug\link.4360.write.1.tlog
E:\PERSO\DropBox\Dropbox\Dossier Projet Réseaux\clientCpp\clientIHM\clientIHM\Debug\link.4360-cvtres.read.1.tlog
E:\PERSO\DropBox\Dropbox\Dossier Projet Réseaux\clientCpp\clientIHM\clientIHM\Debug\link.4360-cvtres.write.1.tlog
E:\PERSO\DropBox\Dropbox\Dossier Projet Réseaux\clientCpp\clientIHM\clientIHM\Debug\link.4412.read.1.tlog
E:\PERSO\DropBox\Dropbox\Dossier Projet Réseaux\clientCpp\clientIHM\clientIHM\Debug\link.4412.write.1.tlog
E:\PERSO\DropBox\Dropbox\Dossier Projet Réseaux\clientCpp\clientIHM\clientIHM\Debug\link.4412-cvtres.read.1.tlog
E:\PERSO\DropBox\Dropbox\Dossier Projet Réseaux\clientCpp\clientIHM\clientIHM\Debug\link.4412-cvtres.write.1.tlog
E:\PERSO\DropBox\Dropbox\Dossier Projet Réseaux\clientCpp\clientIHM\clientIHM\Debug\link.4508.read.1.tlog
E:\PERSO\DropBox\Dropbox\Dossier Projet Réseaux\clientCpp\clientIHM\clientIHM\Debug\link.4508.write.1.tlog
E:\PERSO\DropBox\Dropbox\Dossier Projet Réseaux\clientCpp\clientIHM\clientIHM\Debug\link.4508-cvtres.read.1.tlog
E:\PERSO\DropBox\Dropbox\Dossier Projet Réseaux\clientCpp\clientIHM\clientIHM\Debug\link.4508-cvtres.write.1.tlog
E:\PERSO\DropBox\Dropbox\Dossier Projet Réseaux\clientCpp\clientIHM\clientIHM\Debug\link.4720.read.1.tlog
E:\PERSO\DropBox\Dropbox\Dossier Projet Réseaux\clientCpp\clientIHM\clientIHM\Debug\link.4720.write.1.tlog
E:\PERSO\DropBox\Dropbox\Dossier Projet Réseaux\clientCpp\clientIHM\clientIHM\Debug\link.4720-cvtres.read.1.tlog
E:\PERSO\DropBox\Dropbox\Dossier Projet Réseaux\clientCpp\clientIHM\clientIHM\Debug\link.4720-cvtres.write.1.tlog
E:\PERSO\DropBox\Dropbox\Dossier Projet Réseaux\clientCpp\clientIHM\clientIHM\Debug\link.4744.read.1.tlog
E:\PERSO\DropBox\Dropbox\Dossier Projet Réseaux\clientCpp\clientIHM\clientIHM\Debug\link.4744.write.1.tlog
E:\PERSO\DropBox\Dropbox\Dossier Projet Réseaux\clientCpp\clientIHM\clientIHM\Debug\link.4744-cvtres.read.1.tlog
E:\PERSO\DropBox\Dropbox\Dossier Projet Réseaux\clientCpp\clientIHM\clientIHM\Debug\link.4744-cvtres.write.1.tlog
E:\PERSO\DropBox\Dropbox\Dossier Projet Réseaux\clientCpp\clientIHM\clientIHM\Debug\link.4920.read.1.tlog
E:\PERSO\DropBox\Dropbox\Dossier Projet Réseaux\clientCpp\clientIHM\clientIHM\Debug\link.4920.write.1.tlog
E:\PERSO\DropBox\Dropbox\Dossier Projet Réseaux\clientCpp\clientIHM\clientIHM\Debug\link.4920-cvtres.read.1.tlog
E:\PERSO\DropBox\Dropbox\Dossier Projet Réseaux\clientCpp\clientIHM\clientIHM\Debug\link.4920-cvtres.write.1.tlog
E:\PERSO\DropBox\Dropbox\Dossier Projet Réseaux\clientCpp\clientIHM\clientIHM\Debug\link.5232.read.1.tlog
E:\PERSO\DropBox\Dropbox\Dossier Projet Réseaux\clientCpp\clientIHM\clientIHM\Debug\link.5232.write.1.tlog
E:\PERSO\DropBox\Dropbox\Dossier Projet Réseaux\clientCpp\clientIHM\clientIHM\Debug\link.5232-cvtres.read.1.tlog
E:\PERSO\DropBox\Dropbox\Dossier Projet Réseaux\clientCpp\clientIHM\clientIHM\Debug\link.5232-cvtres.write.1.tlog
E:\PERSO\DropBox\Dropbox\Dossier Projet Réseaux\clientCpp\clientIHM\clientIHM\Debug\link.5812.read.1.tlog
E:\PERSO\DropBox\Dropbox\Dossier Projet Réseaux\clientCpp\clientIHM\clientIHM\Debug\link.5812.write.1.tlog
E:\PERSO\DropBox\Dropbox\Dossier Projet Réseaux\clientCpp\clientIHM\clientIHM\Debug\link.5812-cvtres.read.1.tlog
E:\PERSO\DropBox\Dropbox\Dossier Projet Réseaux\clientCpp\clientIHM\clientIHM\Debug\link.5812-cvtres.write.1.tlog
E:\PERSO\DropBox\Dropbox\Dossier Projet Réseaux\clientCpp\clientIHM\clientIHM\Debug\link.6336.read.1.tlog
E:\PERSO\DropBox\Dropbox\Dossier Projet Réseaux\clientCpp\clientIHM\clientIHM\Debug\link.6336.write.1.tlog
E:\PERSO\DropBox\Dropbox\Dossier Projet Réseaux\clientCpp\clientIHM\clientIHM\Debug\link.6336-cvtres.read.1.tlog
E:\PERSO\DropBox\Dropbox\Dossier Projet Réseaux\clientCpp\clientIHM\clientIHM\Debug\link.6336-cvtres.write.1.tlog
E:\PERSO\DropBox\Dropbox\Dossier Projet Réseaux\clientCpp\clientIHM\clientIHM\Debug\link.7284.read.1.tlog
E:\PERSO\DropBox\Dropbox\Dossier Projet Réseaux\clientCpp\clientIHM\clientIHM\Debug\link.7284.write.1.tlog
E:\PERSO\DropBox\Dropbox\Dossier Projet Réseaux\clientCpp\clientIHM\clientIHM\Debug\link.7284-cvtres.read.1.tlog
E:\PERSO\DropBox\Dropbox\Dossier Projet Réseaux\clientCpp\clientIHM\clientIHM\Debug\link.7284-cvtres.write.1.tlog
E:\PERSO\DropBox\Dropbox\Dossier Projet Réseaux\clientCpp\clientIHM\clientIHM\Debug\link.7288.read.1.tlog
E:\PERSO\DropBox\Dropbox\Dossier Projet Réseaux\clientCpp\clientIHM\clientIHM\Debug\link.7288.write.1.tlog
E:\PERSO\DropBox\Dropbox\Dossier Projet Réseaux\clientCpp\clientIHM\clientIHM\Debug\link.7288-cvtres.read.1.tlog
E:\PERSO\DropBox\Dropbox\Dossier Projet Réseaux\clientCpp\clientIHM\clientIHM\Debug\link.7288-cvtres.write.1.tlog
E:\PERSO\DropBox\Dropbox\Dossier Projet Réseaux\clientCpp\clientIHM\clientIHM\Debug\link.7852.read.1.tlog
E:\PERSO\DropBox\Dropbox\Dossier Projet Réseaux\clientCpp\clientIHM\clientIHM\Debug\link.7852.write.1.tlog
E:\PERSO\DropBox\Dropbox\Dossier Projet Réseaux\clientCpp\clientIHM\clientIHM\Debug\link.7852-cvtres.read.1.tlog
E:\PERSO\DropBox\Dropbox\Dossier Projet Réseaux\clientCpp\clientIHM\clientIHM\Debug\link.7852-cvtres.write.1.tlog
E:\PERSO\DropBox\Dropbox\Dossier Projet Réseaux\clientCpp\clientIHM\clientIHM\Debug\link.7856.read.1.tlog
E:\PERSO\DropBox\Dropbox\Dossier Projet Réseaux\clientCpp\clientIHM\clientIHM\Debug\link.7856.write.1.tlog
E:\PERSO\DropBox\Dropbox\Dossier Projet Réseaux\clientCpp\clientIHM\clientIHM\Debug\link.7856-cvtres.read.1.tlog
E:\PERSO\DropBox\Dropbox\Dossier Projet Réseaux\clientCpp\clientIHM\clientIHM\Debug\link.7856-cvtres.write.1.tlog
E:\PERSO\DropBox\Dropbox\Dossier Projet Réseaux\clientCpp\clientIHM\clientIHM\Debug\link.7880.read.1.tlog
E:\PERSO\DropBox\Dropbox\Dossier Projet Réseaux\clientCpp\clientIHM\clientIHM\Debug\link.7880.write.1.tlog
E:\PERSO\DropBox\Dropbox\Dossier Projet Réseaux\clientCpp\clientIHM\clientIHM\Debug\link.7880-cvtres.read.1.tlog
E:\PERSO\DropBox\Dropbox\Dossier Projet Réseaux\clientCpp\clientIHM\clientIHM\Debug\link.7880-cvtres.write.1.tlog
E:\PERSO\DropBox\Dropbox\Dossier Projet Réseaux\clientCpp\clientIHM\clientIHM\Debug\link.8264.read.1.tlog
E:\PERSO\DropBox\Dropbox\Dossier Projet Réseaux\clientCpp\clientIHM\clientIHM\Debug\link.8264.write.1.tlog
E:\PERSO\DropBox\Dropbox\Dossier Projet Réseaux\clientCpp\clientIHM\clientIHM\Debug\link.8264-cvtres.read.1.tlog
E:\PERSO\DropBox\Dropbox\Dossier Projet Réseaux\clientCpp\clientIHM\clientIHM\Debug\link.8264-cvtres.write.1.tlog
E:\PERSO\DropBox\Dropbox\Dossier Projet Réseaux\clientCpp\clientIHM\clientIHM\Debug\link.8324.read.1.tlog
E:\PERSO\DropBox\Dropbox\Dossier Projet Réseaux\clientCpp\clientIHM\clientIHM\Debug\link.8324.write.1.tlog
E:\PERSO\DropBox\Dropbox\Dossier Projet Réseaux\clientCpp\clientIHM\clientIHM\Debug\link.8324-cvtres.read.1.tlog
E:\PERSO\DropBox\Dropbox\Dossier Projet Réseaux\clientCpp\clientIHM\clientIHM\Debug\link.8324-cvtres.write.1.tlog
E:\PERSO\DropBox\Dropbox\Dossier Projet Réseaux\clientCpp\clientIHM\clientIHM\Debug\link.8436.read.1.tlog
E:\PERSO\DropBox\Dropbox\Dossier Projet Réseaux\clientCpp\clientIHM\clientIHM\Debug\link.8436.write.1.tlog
E:\PERSO\DropBox\Dropbox\Dossier Projet Réseaux\clientCpp\clientIHM\clientIHM\Debug\link.8436-cvtres.read.1.tlog
E:\PERSO\DropBox\Dropbox\Dossier Projet Réseaux\clientCpp\clientIHM\clientIHM\Debug\link.8436-cvtres.write.1.tlog
E:\PERSO\DropBox\Dropbox\Dossier Projet Réseaux\clientCpp\clientIHM\clientIHM\Debug\link.8468.read.1.tlog
E:\PERSO\DropBox\Dropbox\Dossier Projet Réseaux\clientCpp\clientIHM\clientIHM\Debug\link.8468.write.1.tlog
E:\PERSO\DropBox\Dropbox\Dossier Projet Réseaux\clientCpp\clientIHM\clientIHM\Debug\link.8468-cvtres.read.1.tlog
E:\PERSO\DropBox\Dropbox\Dossier Projet Réseaux\clientCpp\clientIHM\clientIHM\Debug\link.8468-cvtres.write.1.tlog
E:\PERSO\DropBox\Dropbox\Dossier Projet Réseaux\clientCpp\clientIHM\clientIHM\Debug\link.8784.read.1.tlog
E:\PERSO\DropBox\Dropbox\Dossier Projet Réseaux\clientCpp\clientIHM\clientIHM\Debug\link.8784.write.1.tlog
E:\PERSO\DropBox\Dropbox\Dossier Projet Réseaux\clientCpp\clientIHM\clientIHM\Debug\link.8784-cvtres.read.1.tlog
E:\PERSO\DropBox\Dropbox\Dossier Projet Réseaux\clientCpp\clientIHM\clientIHM\Debug\link.8784-cvtres.write.1.tlog
E:\PERSO\DropBox\Dropbox\Dossier Projet Réseaux\clientCpp\clientIHM\clientIHM\Debug\link.8864.read.1.tlog
E:\PERSO\DropBox\Dropbox\Dossier Projet Réseaux\clientCpp\clientIHM\clientIHM\Debug\link.8864.write.1.tlog
E:\PERSO\DropBox\Dropbox\Dossier Projet Réseaux\clientCpp\clientIHM\clientIHM\Debug\link.8864-cvtres.read.1.tlog
E:\PERSO\DropBox\Dropbox\Dossier Projet Réseaux\clientCpp\clientIHM\clientIHM\Debug\link.8864-cvtres.write.1.tlog
E:\PERSO\DropBox\Dropbox\Dossier Projet Réseaux\clientCpp\clientIHM\clientIHM\Debug\link.8956.read.1.tlog
E:\PERSO\DropBox\Dropbox\Dossier Projet Réseaux\clientCpp\clientIHM\clientIHM\Debug\link.8956.write.1.tlog
E:\PERSO\DropBox\Dropbox\Dossier Projet Réseaux\clientCpp\clientIHM\clientIHM\Debug\link.8956-cvtres.read.1.tlog
E:\PERSO\DropBox\Dropbox\Dossier Projet Réseaux\clientCpp\clientIHM\clientIHM\Debug\link.8956-cvtres.write.1.tlog
E:\PERSO\DropBox\Dropbox\Dossier Projet Réseaux\clientCpp\clientIHM\clientIHM\Debug\link.9324.read.1.tlog
E:\PERSO\DropBox\Dropbox\Dossier Projet Réseaux\clientCpp\clientIHM\clientIHM\Debug\link.9324.write.1.tlog
E:\PERSO\DropBox\Dropbox\Dossier Projet Réseaux\clientCpp\clientIHM\clientIHM\Debug\link.9324-cvtres.read.1.tlog
E:\PERSO\DropBox\Dropbox\Dossier Projet Réseaux\clientCpp\clientIHM\clientIHM\Debug\link.9324-cvtres.write.1.tlog
E:\PERSO\DropBox\Dropbox\Dossier Projet Réseaux\clientCpp\clientIHM\clientIHM\Debug\link.9348.read.1.tlog
E:\PERSO\DropBox\Dropbox\Dossier Projet Réseaux\clientCpp\clientIHM\clientIHM\Debug\link.9348.write.1.tlog
E:\PERSO\DropBox\Dropbox\Dossier Projet Réseaux\clientCpp\clientIHM\clientIHM\Debug\link.9348-cvtres.read.1.tlog
E:\PERSO\DropBox\Dropbox\Dossier Projet Réseaux\clientCpp\clientIHM\clientIHM\Debug\link.9348-cvtres.write.1.tlog
E:\PERSO\DropBox\Dropbox\Dossier Projet Réseaux\clientCpp\clientIHM\clientIHM\Debug\link.9464.read.1.tlog
E:\PERSO\DropBox\Dropbox\Dossier Projet Réseaux\clientCpp\clientIHM\clientIHM\Debug\link.9464.write.1.tlog
E:\PERSO\DropBox\Dropbox\Dossier Projet Réseaux\clientCpp\clientIHM\clientIHM\Debug\link.9464-cvtres.read.1.tlog
E:\PERSO\DropBox\Dropbox\Dossier Projet Réseaux\clientCpp\clientIHM\clientIHM\Debug\link.9464-cvtres.write.1.tlog
E:\PERSO\DropBox\Dropbox\Dossier Projet Réseaux\clientCpp\clientIHM\clientIHM\Debug\link.9484.read.1.tlog
E:\PERSO\DropBox\Dropbox\Dossier Projet Réseaux\clientCpp\clientIHM\clientIHM\Debug\link.9484.write.1.tlog
E:\PERSO\DropBox\Dropbox\Dossier Projet Réseaux\clientCpp\clientIHM\clientIHM\Debug\link.9484-cvtres.read.1.tlog
E:\PERSO\DropBox\Dropbox\Dossier Projet Réseaux\clientCpp\clientIHM\clientIHM\Debug\link.9484-cvtres.write.1.tlog
E:\PERSO\DropBox\Dropbox\Dossier Projet Réseaux\clientCpp\clientIHM\clientIHM\Debug\link.9516.read.1.tlog
E:\PERSO\DropBox\Dropbox\Dossier Projet Réseaux\clientCpp\clientIHM\clientIHM\Debug\link.9516.write.1.tlog
E:\PERSO\DropBox\Dropbox\Dossier Projet Réseaux\clientCpp\clientIHM\clientIHM\Debug\link.9516-cvtres.read.1.tlog
E:\PERSO\DropBox\Dropbox\Dossier Projet Réseaux\clientCpp\clientIHM\clientIHM\Debug\link.9516-cvtres.write.1.tlog
E:\PERSO\DropBox\Dropbox\Dossier Projet Réseaux\clientCpp\clientIHM\clientIHM\Debug\link.9684.read.1.tlog
E:\PERSO\DropBox\Dropbox\Dossier Projet Réseaux\clientCpp\clientIHM\clientIHM\Debug\link.9684.write.1.tlog
E:\PERSO\DropBox\Dropbox\Dossier Projet Réseaux\clientCpp\clientIHM\clientIHM\Debug\link.9684-cvtres.read.1.tlog
E:\PERSO\DropBox\Dropbox\Dossier Projet Réseaux\clientCpp\clientIHM\clientIHM\Debug\link.9684-cvtres.write.1.tlog
E:\PERSO\DropBox\Dropbox\Dossier Projet Réseaux\clientCpp\clientIHM\clientIHM\Debug\link.9744.read.1.tlog
E:\PERSO\DropBox\Dropbox\Dossier Projet Réseaux\clientCpp\clientIHM\clientIHM\Debug\link.9744.write.1.tlog
E:\PERSO\DropBox\Dropbox\Dossier Projet Réseaux\clientCpp\clientIHM\clientIHM\Debug\link.9744-cvtres.read.1.tlog
E:\PERSO\DropBox\Dropbox\Dossier Projet Réseaux\clientCpp\clientIHM\clientIHM\Debug\link.9744-cvtres.write.1.tlog
E:\PERSO\DropBox\Dropbox\Dossier Projet Réseaux\clientCpp\clientIHM\clientIHM\Debug\link.9832.read.1.tlog
E:\PERSO\DropBox\Dropbox\Dossier Projet Réseaux\clientCpp\clientIHM\clientIHM\Debug\link.9832.write.1.tlog
E:\PERSO\DropBox\Dropbox\Dossier Projet Réseaux\clientCpp\clientIHM\clientIHM\Debug\link.9832-cvtres.read.1.tlog
E:\PERSO\DropBox\Dropbox\Dossier Projet Réseaux\clientCpp\clientIHM\clientIHM\Debug\link.9832-cvtres.write.1.tlog
E:\PERSO\DropBox\Dropbox\Dossier Projet Réseaux\clientCpp\clientIHM\clientIHM\Debug\link.command.1.tlog
E:\PERSO\DropBox\Dropbox\Dossier Projet Réseaux\clientCpp\clientIHM\clientIHM\Debug\link.read.1.tlog
E:\PERSO\DropBox\Dropbox\Dossier Projet Réseaux\clientCpp\clientIHM\clientIHM\Debug\link.write.1.tlog
E:\PERSO\DropBox\Dropbox\Dossier Projet Réseaux\clientCpp\clientIHM\clientIHM\Debug\metagen.read.1.tlog
E:\PERSO\DropBox\Dropbox\Dossier Projet Réseaux\clientCpp\clientIHM\clientIHM\Debug\metagen.write.1.tlog
E:\PERSO\DropBox\Dropbox\Dossier Projet Réseaux\clientCpp\clientIHM\clientIHM\Debug\mt.command.1.tlog
E:\PERSO\DropBox\Dropbox\Dossier Projet Réseaux\clientCpp\clientIHM\clientIHM\Debug\mt.read.1.tlog
E:\PERSO\DropBox\Dropbox\Dossier Projet Réseaux\clientCpp\clientIHM\clientIHM\Debug\mt.write.1.tlog
E:\PERSO\DropBox\Dropbox\Dossier Projet Réseaux\clientCpp\clientIHM\clientIHM\Debug\rc.command.1.tlog
E:\PERSO\DropBox\Dropbox\Dossier Projet Réseaux\clientCpp\clientIHM\clientIHM\Debug\rc.read.1.tlog
E:\PERSO\DropBox\Dropbox\Dossier Projet Réseaux\clientCpp\clientIHM\clientIHM\Debug\rc.write.1.tlog
E:\PERSO\DROPBOX\DROPBOX\DOSSIER PROJET RéSEAUX\CLIENTCPP\CLIENTIHM\CLIENTIHM\DEBUG\READER.OBJ
E:\PERSO\DropBox\Dropbox\Dossier Projet Réseaux\clientCpp\clientIHM\clientIHM\Debug\RSAENH.DLL.bi
E:\PERSO\DROPBOX\DROPBOX\DOSSIER PROJET RéSEAUX\CLIENTCPP\CLIENTIHM\CLIENTIHM\DEBUG\STDAFX.OBJ
E:\PERSO\DropBox\Dropbox\Dossier Projet Réseaux\clientCpp\clientIHM\clientIHM\Debug\TZRES.DLL.bi
E:\PERSO\DROPBOX\DROPBOX\DOSSIER PROJET RÉSEAUX\CLIENTCPP\CLIENTIHM\CLIENTIHM\DEBUG\VC100.PDB
E:\PERSO\DROPBOX\DROPBOX\DOSSIER PROJET RéSEAUX\CLIENTCPP\CLIENTIHM\CLIENTIHM\DEBUG\WRITER.OBJ
E:\PERSO\DROPBOX\DROPBOX\DOSSIER PROJET RéSEAUX\CLIENTCPP\CLIENTIHM\DEBUG\CLIENTIHM.EXE
E:\PERSO\DROPBOX\DROPBOX\DOSSIER PROJET RéSEAUX\CLIENTCPP\CLIENTIHM\DEBUG\CLIENTIHM.ILK
E:\PERSO\DROPBOX\DROPBOX\DOSSIER PROJET RÉSEAUX\CLIENTCPP\CLIENTIHM\DEBUG\CLIENTIHM.PDB
